Using pre-set license
Built from '2020.3/staging' branch; Version is '2020.3.5f1 (8095aa901b9b) revision 8426922'; Using compiler version '192528614'; Build Type 'Release'
OS: 'Windows 10 Pro; OS build 19042.1466; Version 2009; 64bit' Language: 'en' Physical Memory: 16315 MB
BatchMode: 1, IsHumanControllingUs: 0, StartBugReporterOnCrash: 0, Is64bit: 1, IsPro: 0

 COMMAND LINE ARGUMENTS:
C:\Program Files\Unity\Editor\2020.3.5f1\Editor\Unity.exe
-adb2
-batchMode
-noUpm
-name
AssetImportWorker0
-projectPath
B:/KDG/princeple of game design/fps
-logFile
Logs/AssetImportWorker0.log
-srvPort
1060
Successfully changed project path to: B:/KDG/princeple of game design/fps
B:/KDG/princeple of game design/fps
Using Asset Import Pipeline V2.
Refreshing native plugins compatible for Editor in 50.97 ms, found 2 plugins.
Preloading 0 native plugins for Editor in 0.00 ms.
Initialize engine version: 2020.3.5f1 (8095aa901b9b)
[Subsystems] Discovering subsystems at path C:/Program Files/Unity/Editor/2020.3.5f1/Editor/Data/Resources/UnitySubsystems
[Subsystems] Discovering subsystems at path B:/KDG/princeple of game design/fps/Assets
GfxDevice: creating device client; threaded=0
Direct3D:
    Version:  Direct3D 11.0 [level 11.1]
    Renderer: NVIDIA GeForce RTX 2080 (ID=0x1e87)
    Vendor:   
    VRAM:     8010 MB
    Driver:   30.0.14.9729
Initialize mono
Mono path[0] = 'C:/Program Files/Unity/Editor/2020.3.5f1/Editor/Data/Managed'
Mono path[1] = 'C:/Program Files/Unity/Editor/2020.3.5f1/Editor/Data/MonoBleedingEdge/lib/mono/unityjit'
Mono config path = 'C:/Program Files/Unity/Editor/2020.3.5f1/Editor/Data/MonoBleedingEdge/etc'
Using monoOptions --debugger-agent=transport=dt_socket,embedding=1,server=y,suspend=n,address=127.0.0.1:56028
Begin MonoManager ReloadAssembly
Registering precompiled unity dll's ...
Register platform support module: C:/Program Files/Unity/Editor/2020.3.5f1/Editor/Data/PlaybackEngines/WindowsStandaloneSupport/UnityEditor.WindowsStandalone.Extensions.dll
Registered in 0.002012 seconds.
Native extension for WindowsStandalone target not found
Refreshing native plugins compatible for Editor in 50.35 ms, found 2 plugins.
Preloading 0 native plugins for Editor in 0.00 ms.
Mono: successfully reloaded assembly
- Completed reload, in  1.051 seconds
Platform modules already initialized, skipping
Registering precompiled user dll's ...
Registered in 0.002922 seconds.
Begin MonoManager ReloadAssembly
Native extension for WindowsStandalone target not found
Refreshing native plugins compatible for Editor in 0.98 ms, found 2 plugins.
Preloading 0 native plugins for Editor in 0.00 ms.
Mono: successfully reloaded assembly
- Completed reload, in  1.092 seconds
Platform modules already initialized, skipping
========================================================================
Worker process is ready to serve import requests
Launched and connected shader compiler UnityShaderCompiler.exe after 0.05 seconds
Refreshing native plugins compatible for Editor in 0.75 ms, found 2 plugins.
Preloading 0 native plugins for Editor in 0.00 ms.
Unloading 2093 Unused Serialized files (Serialized files now loaded: 0)
System memory in use before: 167.3 MB.
System memory in use after: 167.3 MB.

Unloading 20 unused Assets to reduce memory usage. Loaded Objects now: 2536.
Total: 2.342300 ms (FindLiveObjects: 0.230100 ms CreateObjectMapping: 0.123700 ms MarkObjects: 1.880500 ms  DeleteObjects: 0.106900 ms)

========================================================================
Received Import Request.
  path: Assets/FPS/Scenes/ExmaenScene.unity
  artifactKey: Guid(d794a2ef8ba31d847ad3c19d03e2ddb9) Importer(815301076,1909f56bfc062723c751e8b465ee728b)
Start importing Assets/FPS/Scenes/ExmaenScene.unity using Guid(d794a2ef8ba31d847ad3c19d03e2ddb9) Importer(815301076,1909f56bfc062723c751e8b465ee728b)  -> (artifact id: '90d8e5c67ec4706e07435b81c18d4b40') in 0.012397 seconds
  Import took 0.015514 seconds .

========================================================================
Received Prepare
Refreshing native plugins compatible for Editor in 3.01 ms, found 2 plugins.
Preloading 0 native plugins for Editor in 0.00 ms.
Unloading 13 Unused Serialized files (Serialized files now loaded: 0)
System memory in use before: 123.1 MB.
System memory in use after: 123.2 MB.

Unloading 13 unused Assets to reduce memory usage. Loaded Objects now: 2536.
Total: 2.461200 ms (FindLiveObjects: 0.191700 ms CreateObjectMapping: 0.088400 ms MarkObjects: 2.112000 ms  DeleteObjects: 0.068000 ms)

========================================================================
Received Import Request.
  Time since last request: 29.775328 seconds.
  path: Assets/FPS/Scenes/Examen_Starting_Scene.unity
  artifactKey: Guid(d794a2ef8ba31d847ad3c19d03e2ddb9) Importer(815301076,1909f56bfc062723c751e8b465ee728b)
Start importing Assets/FPS/Scenes/Examen_Starting_Scene.unity using Guid(d794a2ef8ba31d847ad3c19d03e2ddb9) Importer(815301076,1909f56bfc062723c751e8b465ee728b)  -> (artifact id: '2531bf2679a9b1acbd8a72e5d2a4c823') in 0.011752 seconds
  Import took 0.017061 seconds .

========================================================================
Received Import Request.
  Time since last request: 0.004807 seconds.
  path: Assets/FPS/Scenes/Examen_Starting_Scene.unity
  artifactKey: Guid(d794a2ef8ba31d847ad3c19d03e2ddb9) Importer(815301076,1909f56bfc062723c751e8b465ee728b)
Start importing Assets/FPS/Scenes/Examen_Starting_Scene.unity using Guid(d794a2ef8ba31d847ad3c19d03e2ddb9) Importer(815301076,1909f56bfc062723c751e8b465ee728b)  -> (artifact id: '2531bf2679a9b1acbd8a72e5d2a4c823') in 0.001446 seconds
  Import took 0.004342 seconds .

========================================================================
Received Import Request.
  Time since last request: 86.023761 seconds.
  path: Assets/FPS/Scenes/StartingLevel.unity
  artifactKey: Guid(d794a2ef8ba31d847ad3c19d03e2ddb9) Importer(815301076,1909f56bfc062723c751e8b465ee728b)
Start importing Assets/FPS/Scenes/StartingLevel.unity using Guid(d794a2ef8ba31d847ad3c19d03e2ddb9) Importer(815301076,1909f56bfc062723c751e8b465ee728b)  -> (artifact id: '5445b833fdd4bbd47a79460f6cf6844f') in 0.004941 seconds
  Import took 0.008372 seconds .

========================================================================
Received Import Request.
  Time since last request: 32.398067 seconds.
  path: Assets/FPS/Scenes/level01.unity
  artifactKey: Guid(6f479d3ed6b55b24b9517b1837af9f56) Importer(815301076,1909f56bfc062723c751e8b465ee728b)
Start importing Assets/FPS/Scenes/level01.unity using Guid(6f479d3ed6b55b24b9517b1837af9f56) Importer(815301076,1909f56bfc062723c751e8b465ee728b)  -> (artifact id: '949fddee6bd4611ecccb6d3fb4863f5b') in 0.005796 seconds
  Import took 0.008556 seconds .

========================================================================
Received Import Request.
  Time since last request: 57.209294 seconds.
  path: Assets/FPS/Scenes/levels_scene
  artifactKey: Guid(2a0c49b4aa8992544ac3a318bc774919) Importer(815301076,1909f56bfc062723c751e8b465ee728b)
Start importing Assets/FPS/Scenes/levels_scene using Guid(2a0c49b4aa8992544ac3a318bc774919) Importer(815301076,1909f56bfc062723c751e8b465ee728b)  -> (artifact id: '2b8dafc3f942d235164171d41bbbc979') in 0.004691 seconds
  Import took 0.007329 seconds .

========================================================================
Received Import Request.
  Time since last request: 11.931078 seconds.
  path: Assets/FPS/Scenes/StartingLevel.unity
  artifactKey: Guid(d794a2ef8ba31d847ad3c19d03e2ddb9) Importer(815301076,1909f56bfc062723c751e8b465ee728b)
Start importing Assets/FPS/Scenes/StartingLevel.unity using Guid(d794a2ef8ba31d847ad3c19d03e2ddb9) Importer(815301076,1909f56bfc062723c751e8b465ee728b)  -> (artifact id: 'b5baae5d030471a8d3c1d54ff7542533') in 0.001478 seconds
  Import took 0.004188 seconds .

========================================================================
Received Import Request.
  Time since last request: 0.000739 seconds.
  path: Assets/FPS/Scenes/StartingLevel.unity
  artifactKey: Guid(d794a2ef8ba31d847ad3c19d03e2ddb9) Importer(815301076,1909f56bfc062723c751e8b465ee728b)
Start importing Assets/FPS/Scenes/StartingLevel.unity using Guid(d794a2ef8ba31d847ad3c19d03e2ddb9) Importer(815301076,1909f56bfc062723c751e8b465ee728b)  -> (artifact id: 'b5baae5d030471a8d3c1d54ff7542533') in 0.001415 seconds
  Import took 0.004097 seconds .

AssetImportWorkerClient::OnTransportError - code=2 error=End of file
